# JRE version: OpenJDK Runtime Environment (8.0_112-b06) (build 1.8.0_112-release-b06)
# Java VM: OpenJDK 64-Bit Server VM (25.112-b06 mixed mode windows-amd64 compressed oops)
Heap:
 PSYoungGen      total 389120K, used 20940K [0x00000000e0000000, 0x00000000f9c80000, 0x0000000100000000)
  eden space 366592K, 0% used [0x00000000e0000000,0x00000000e0000000,0x00000000f6600000)
  from space 22528K, 92% used [0x00000000f7e80000,0x00000000f92f3340,0x00000000f9480000)
  to   space 25088K, 0% used [0x00000000f6600000,0x00000000f6600000,0x00000000f7e80000)
 ParOldGen       total 75264K, used 36904K [0x00000000a0000000, 0x00000000a4980000, 0x00000000e0000000)
  object space 75264K, 49% used [0x00000000a0000000,0x00000000a240a038,0x00000000a4980000)
 Metaspace       used 56737K, capacity 59024K, committed 59160K, reserved 1099776K
  class space    used 7698K, capacity 8207K, committed 8320K, reserved 1048576K
GC Heap History (10 events):
Event: 8.638 GC heap after
Heap after GC invocations=8 (full 1):
 PSYoungGen      total 160256K, used 8349K [0x00000000e0000000, 0x00000000f1b80000, 0x0000000100000000)
  eden space 146944K, 0% used [0x00000000e0000000,0x00000000e0000000,0x00000000e8f80000)
  from space 13312K, 62% used [0x00000000e8f80000,0x00000000e97a7460,0x00000000e9c80000)
  to   space 12800K, 0% used [0x00000000f0f00000,0x00000000f0f00000,0x00000000f1b80000)
 ParOldGen       total 58880K, used 10971K [0x00000000a0000000, 0x00000000a3980000, 0x00000000e0000000)
  object space 58880K, 18% used [0x00000000a0000000,0x00000000a0ab6e10,0x00000000a3980000)
 Metaspace       used 34557K, capacity 35340K, committed 35496K, reserved 1079296K
  class space    used 4643K, capacity 4849K, committed 4864K, reserved 1048576K
}
Event: 8.638 GC heap before
{Heap before GC invocations=9 (full 2):
 PSYoungGen      total 160256K, used 8349K [0x00000000e0000000, 0x00000000f1b80000, 0x0000000100000000)
  eden space 146944K, 0% used [0x00000000e0000000,0x00000000e0000000,0x00000000e8f80000)
  from space 13312K, 62% used [0x00000000e8f80000,0x00000000e97a7460,0x00000000e9c80000)
  to   space 12800K, 0% used [0x00000000f0f00000,0x00000000f0f00000,0x00000000f1b80000)
 ParOldGen       total 58880K, used 10971K [0x00000000a0000000, 0x00000000a3980000, 0x00000000e0000000)
  object space 58880K, 18% used [0x00000000a0000000,0x00000000a0ab6e10,0x00000000a3980000)
 Metaspace       used 34557K, capacity 35340K, committed 35496K, reserved 1079296K
  class space    used 4643K, capacity 4849K, committed 4864K, reserved 1048576K
Event: 8.710 GC heap after
Heap after GC invocations=9 (full 2):
 PSYoungGen      total 160256K, used 0K [0x00000000e0000000, 0x00000000f1b80000, 0x0000000100000000)
  eden space 146944K, 0% used [0x00000000e0000000,0x00000000e0000000,0x00000000e8f80000)
  from space 13312K, 0% used [0x00000000e8f80000,0x00000000e8f80000,0x00000000e9c80000)
  to   space 12800K, 0% used [0x00000000f0f00000,0x00000000f0f00000,0x00000000f1b80000)
 ParOldGen       total 75264K, used 15134K [0x00000000a0000000, 0x00000000a4980000, 0x00000000e0000000)
  object space 75264K, 20% used [0x00000000a0000000,0x00000000a0ec7a68,0x00000000a4980000)
 Metaspace       used 34557K, capacity 35340K, committed 35496K, reserved 1079296K
  class space    used 4643K, capacity 4849K, committed 4864K, reserved 1048576K
}
Event: 10.752 GC heap before
{Heap before GC invocations=10 (full 2):
 PSYoungGen      total 160256K, used 146944K [0x00000000e0000000, 0x00000000f1b80000, 0x0000000100000000)
  eden space 146944K, 100% used [0x00000000e0000000,0x00000000e8f80000,0x00000000e8f80000)
  from space 13312K, 0% used [0x00000000e8f80000,0x00000000e8f80000,0x00000000e9c80000)
  to   space 12800K, 0% used [0x00000000f0f00000,0x00000000f0f00000,0x00000000f1b80000)
 ParOldGen       total 75264K, used 15134K [0x00000000a0000000, 0x00000000a4980000, 0x00000000e0000000)
  object space 75264K, 20% used [0x00000000a0000000,0x00000000a0ec7a68,0x00000000a4980000)
 Metaspace       used 42939K, capacity 43966K, committed 44160K, reserved 1087488K
  class space    used 5751K, capacity 6013K, committed 6016K, reserved 1048576K
Event: 10.768 GC heap after
Heap after GC invocations=10 (full 2):
 PSYoungGen      total 271360K, used 12637K [0x00000000e0000000, 0x00000000f1b80000, 0x0000000100000000)
  eden space 258560K, 0% used [0x00000000e0000000,0x00000000e0000000,0x00000000efc80000)
  from space 12800K, 98% used [0x00000000f0f00000,0x00000000f1b57440,0x00000000f1b80000)
  to   space 13824K, 0% used [0x00000000f0080000,0x00000000f0080000,0x00000000f0e00000)
 ParOldGen       total 75264K, used 15142K [0x00000000a0000000, 0x00000000a4980000, 0x00000000e0000000)
  object space 75264K, 20% used [0x00000000a0000000,0x00000000a0ec9a68,0x00000000a4980000)
 Metaspace       used 42939K, capacity 43966K, committed 44160K, reserved 1087488K
  class space    used 5751K, capacity 6013K, committed 6016K, reserved 1048576K
}
Event: 17.578 GC heap before
{Heap before GC invocations=11 (full 2):
 PSYoungGen      total 271360K, used 271197K [0x00000000e0000000, 0x00000000f1b80000, 0x0000000100000000)
  eden space 258560K, 100% used [0x00000000e0000000,0x00000000efc80000,0x00000000efc80000)
  from space 12800K, 98% used [0x00000000f0f00000,0x00000000f1b57440,0x00000000f1b80000)
  to   space 13824K, 0% used [0x00000000f0080000,0x00000000f0080000,0x00000000f0e00000)
 ParOldGen       total 75264K, used 15142K [0x00000000a0000000, 0x00000000a4980000, 0x00000000e0000000)
  object space 75264K, 20% used [0x00000000a0000000,0x00000000a0ec9a68,0x00000000a4980000)
 Metaspace       used 53269K, capacity 54938K, committed 55040K, reserved 1097728K
  class space    used 7210K, capacity 7623K, committed 7680K, reserved 1048576K
Event: 17.628 GC heap after
Heap after GC invocations=11 (full 2):
 PSYoungGen      total 276480K, used 13794K [0x00000000e0000000, 0x00000000f9480000, 0x0000000100000000)
  eden space 262656K, 0% used [0x00000000e0000000,0x00000000e0000000,0x00000000f0080000)
  from space 13824K, 99% used [0x00000000f0080000,0x00000000f0df8aa8,0x00000000f0e00000)
  to   space 22528K, 0% used [0x00000000f7e80000,0x00000000f7e80000,0x00000000f9480000)
 ParOldGen       total 75264K, used 32736K [0x00000000a0000000, 0x00000000a4980000, 0x00000000e0000000)
  object space 75264K, 43% used [0x00000000a0000000,0x00000000a1ff82a8,0x00000000a4980000)
 Metaspace       used 53269K, capacity 54938K, committed 55040K, reserved 1097728K
  class space    used 7210K, capacity 7623K, committed 7680K, reserved 1048576K
}
Event: 18.878 GC heap before
{Heap before GC invocations=12 (full 2):
 PSYoungGen      total 276480K, used 112799K [0x00000000e0000000, 0x00000000f9480000, 0x0000000100000000)
  eden space 262656K, 37% used [0x00000000e0000000,0x00000000e60af490,0x00000000f0080000)
  from space 13824K, 99% used [0x00000000f0080000,0x00000000f0df8aa8,0x00000000f0e00000)
  to   space 22528K, 0% used [0x00000000f7e80000,0x00000000f7e80000,0x00000000f9480000)
 ParOldGen       total 75264K, used 32736K [0x00000000a0000000, 0x00000000a4980000, 0x00000000e0000000)
  object space 75264K, 43% used [0x00000000a0000000,0x00000000a1ff82a8,0x00000000a4980000)
 Metaspace       used 56737K, capacity 59024K, committed 59160K, reserved 1099776K
  class space    used 7698K, capacity 8207K, committed 8320K, reserved 1048576K
Event: 18.909 GC heap after
Heap after GC invocations=12 (full 2):
 PSYoungGen      total 389120K, used 20940K [0x00000000e0000000, 0x00000000f9c80000, 0x0000000100000000)
  eden space 366592K, 0% used [0x00000000e0000000,0x00000000e0000000,0x00000000f6600000)
  from space 22528K, 92% used [0x00000000f7e80000,0x00000000f92f3340,0x00000000f9480000)
  to   space 25088K, 0% used [0x00000000f6600000,0x00000000f6600000,0x00000000f7e80000)
 ParOldGen       total 75264K, used 36904K [0x00000000a0000000, 0x00000000a4980000, 0x00000000e0000000)
  object space 75264K, 49% used [0x00000000a0000000,0x00000000a240a038,0x00000000a4980000)
 Metaspace       used 56737K, capacity 59024K, committed 59160K, reserved 1099776K
  class space    used 7698K, capacity 8207K, committed 8320K, reserved 1048576K
}
Event: 18.909 GC heap before
{Heap before GC invocations=13 (full 3):
 PSYoungGen      total 389120K, used 20940K [0x00000000e0000000, 0x00000000f9c80000, 0x0000000100000000)
  eden space 366592K, 0% used [0x00000000e0000000,0x00000000e0000000,0x00000000f6600000)
  from space 22528K, 92% used [0x00000000f7e80000,0x00000000f92f3340,0x00000000f9480000)
  to   space 25088K, 0% used [0x00000000f6600000,0x00000000f6600000,0x00000000f7e80000)
 ParOldGen       total 75264K, used 36904K [0x00000000a0000000, 0x00000000a4980000, 0x00000000e0000000)
  object space 75264K, 49% used [0x00000000a0000000,0x00000000a240a038,0x00000000a4980000)
 Metaspace       used 56737K, capacity 59024K, committed 59160K, reserved 1099776K
  class space    used 7698K, capacity 8207K, committed 8320K, reserved 1048576K

